<?xml version="1.0" encoding="UTF-8"?>
<testsuite xmlns:xsi="http://www.w3.org/2001/XMLSchema-instance" xsi:noNamespaceSchemaLocation="https://maven.apache.org/surefire/maven-surefire-plugin/xsd/surefire-test-report-3.0.xsd" version="3.0" name="com.inferloomDev.fingerprint_attendance_project.FingerprintAttendanceProjectApplicationTests" time="3.393" tests="1" errors="0" skipped="0" failures="0">
  <properties>
[...]
</properties>
  <testcase name="contextLoads" classname="com.inferloomDev.fingerprint_attendance_project.FingerprintAttendanceProjectApplicationTests" time="1.079">
    <system-out><![CDATA[02:00:50.562 [main] INFO org.springframework.test.context.support.AnnotationConfigContextLoaderUtils -- Could not detect default configuration classes for test class [com.inferloomDev.fingerprint_attendance_project.FingerprintAttendanceProjectApplicationTests]: FingerprintAttendanceProjectApplicationTests does not declare any static, non-private, non-final, nested classes annotated with @Configuration.
02:00:50.704 [main] INFO org.springframework.boot.test.context.SpringBootTestContextBootstrapper -- Found @SpringBootConfiguration com.inferloomDev.fingerprint_attendance_project.FingerprintAttendanceProjectApplication for test class com.inferloomDev.fingerprint_attendance_project.FingerprintAttendanceProjectApplicationTests

  .   ____          _            __ _ _
 /\\ / ___'_ __ _ _(_)_ __  __ _ \ \ \ \
( ( )\___ | '_ | '_| | '_ \/ _` | \ \ \ \
 \\/  ___)| |_)| | | | | || (_| |  ) ) ) )
  '  |____| .__|_| |_|_| |_\__, | / / / /
 =========|_|==============|___/=/_/_/_/

 :: Spring Boot ::                (v3.3.6)

2024-12-18T02:00:51.186+06:00  INFO 7556 --- [fingerprint-attendance-project] [           main] erprintAttendanceProjectApplicationTests : Starting FingerprintAttendanceProjectApplicationTests using Java 17.0.12 with PID 7556 (started by SoftifyBD (Arafat) in C:\MY File\inferloom All File\fingerprint-attendance-project\fingerprint-attendance)
2024-12-18T02:00:51.189+06:00  INFO 7556 --- [fingerprint-attendance-project] [           main] erprintAttendanceProjectApplicationTests : No active profile set, falling back to 1 default profile: "default"
2024-12-18T02:00:52.684+06:00  INFO 7556 --- [fingerprint-attendance-project] [           main] erprintAttendanceProjectApplicationTests : Started FingerprintAttendanceProjectApplicationTests in 1.793 seconds (process running for 3.157)
]]></system-out>
  </testcase>
</testsuite>